<?xml version="1.0" encoding="UTF-8"?>
<testng-results skipped="0" failed="0" ignored="0" total="1" passed="1">
  <reporter-output>
  </reporter-output>
  <suite name="Default suite" duration-ms="805" started-at="2019-11-13T10:06:52Z" finished-at="2019-11-13T10:06:53Z">
    <groups>
    </groups>
    <test name="Default test" duration-ms="805" started-at="2019-11-13T10:06:52Z" finished-at="2019-11-13T10:06:53Z">
      <class name="testcases.TC_accounting">
        <test-method status="PASS" signature="launchBrowser()[pri:0, instance:testcases.TC_accounting@ae45eb6]" name="launchBrowser" is-config="true" duration-ms="9837" started-at="2019-11-13T10:06:42Z" finished-at="2019-11-13T10:06:52Z">
          <reporter-output>
          </reporter-output>
        </test-method> <!-- launchBrowser -->
        <test-method status="PASS" signature="TC_03()[pri:0, instance:testcases.TC_accounting@ae45eb6]" name="TC_03" duration-ms="776" started-at="2019-11-13T10:06:52Z" finished-at="2019-11-13T10:06:53Z">
          <reporter-output>
          </reporter-output>
        </test-method> <!-- TC_03 -->
      </class> <!-- testcases.TC_accounting -->
    </test> <!-- Default test -->
  </suite> <!-- Default suite -->
</testng-results>
